  MyForm.cpp
C:\Users\Miguel\source\repos\TrabajoFinal\TrabajoFinal\Doc.h(33,68): warning C4244: 'argumento': conversión de 'double' a 'int'; posible pérdida de datos
C:\Users\Miguel\source\repos\TrabajoFinal\TrabajoFinal\Doc.h(34,68): warning C4244: 'argumento': conversión de 'double' a 'int'; posible pérdida de datos
C:\Users\Miguel\source\repos\TrabajoFinal\TrabajoFinal\Doc.h(153,53): warning C4244: 'argumento': conversión de 'double' a 'int'; posible pérdida de datos
C:\Users\Miguel\source\repos\TrabajoFinal\TrabajoFinal\Paciente.h(31,57): warning C4244: 'argumento': conversión de 'double' a 'int'; posible pérdida de datos
C:\Users\Miguel\source\repos\TrabajoFinal\TrabajoFinal\Paciente.h(31,45): warning C4244: 'argumento': conversión de 'double' a 'int'; posible pérdida de datos
C:\Users\Miguel\source\repos\TrabajoFinal\TrabajoFinal\Paciente.h(35,69): warning C4244: 'argumento': conversión de 'double' a 'int'; posible pérdida de datos
C:\Users\Miguel\source\repos\TrabajoFinal\TrabajoFinal\Paciente.h(35,59): warning C4244: 'argumento': conversión de 'double' a 'int'; posible pérdida de datos
C:\Users\Miguel\source\repos\TrabajoFinal\TrabajoFinal\Paciente.h(50,76): warning C4244: 'argumento': conversión de 'double' a 'int'; posible pérdida de datos
C:\Users\Miguel\source\repos\TrabajoFinal\TrabajoFinal\Paciente.h(50,64): warning C4244: 'argumento': conversión de 'double' a 'int'; posible pérdida de datos
C:\Users\Miguel\source\repos\TrabajoFinal\TrabajoFinal\Pastillas.h(23,56): warning C4244: 'argumento': conversión de 'double' a 'int'; posible pérdida de datos
C:\Users\Miguel\source\repos\TrabajoFinal\TrabajoFinal\Pastillas.h(23,38): warning C4244: 'argumento': conversión de 'double' a 'int'; posible pérdida de datos
C:\Users\Miguel\source\repos\TrabajoFinal\TrabajoFinal\Pastillas.h(49,54): warning C4244: 'argumento': conversión de 'double' a 'int'; posible pérdida de datos
C:\Users\Miguel\source\repos\TrabajoFinal\TrabajoFinal\Pastillas.h(49,37): warning C4244: 'argumento': conversión de 'double' a 'int'; posible pérdida de datos
C:\Users\Miguel\source\repos\TrabajoFinal\TrabajoFinal\Virus.h(39,78): warning C4244: 'argumento': conversión de 'double' a 'int'; posible pérdida de datos
C:\Users\Miguel\source\repos\TrabajoFinal\TrabajoFinal\Virus.h(39,66): warning C4244: 'argumento': conversión de 'double' a 'int'; posible pérdida de datos
C:\Users\Miguel\source\repos\TrabajoFinal\TrabajoFinal\Virus.h(40,79): warning C4244: 'argumento': conversión de 'double' a 'int'; posible pérdida de datos
C:\Users\Miguel\source\repos\TrabajoFinal\TrabajoFinal\Virus.h(40,67): warning C4244: 'argumento': conversión de 'double' a 'int'; posible pérdida de datos
C:\Users\Miguel\source\repos\TrabajoFinal\TrabajoFinal\Virus.h(76,73): warning C4244: 'argumento': conversión de 'double' a 'int'; posible pérdida de datos
C:\Users\Miguel\source\repos\TrabajoFinal\TrabajoFinal\Virus.h(76,61): warning C4244: 'argumento': conversión de 'double' a 'int'; posible pérdida de datos
C:\Users\Miguel\source\repos\TrabajoFinal\TrabajoFinal\MyForm.h(27,14): warning C4244: 'argumento': conversión de 'time_t' a 'unsigned int'; posible pérdida de datos
C:\Users\Miguel\source\repos\TrabajoFinal\TrabajoFinal\MyForm.h(174,29): warning C4806: '==': operación no segura: ningún valor del tipo 'bool' promovido al tipo 'int' puede igualar la constante proporcionada
C:\Users\Miguel\source\repos\TrabajoFinal\TrabajoFinal\Nivel2.h(27,14): warning C4244: 'argumento': conversión de 'time_t' a 'unsigned int'; posible pérdida de datos
C:\Users\Miguel\source\repos\TrabajoFinal\TrabajoFinal\Nivel2.h(167,23): warning C4804: '>': uso no seguro del tipo 'bool' en la operación
  MyForm.obj : se encontró un módulo MSIL; vinculación incremental deshabilitada para MSIL; ejecutando vínculo completo
  TrabajoFinal.vcxproj -> C:\Users\Miguel\source\repos\TrabajoFinal\x64\Debug\TrabajoFinal.exe
